------------------------
SUBJECT: Your application to echallenge
TO:      email
FROM:    echallenge
TIME:    2010-10-25 17:27:42.631000
BODY:  
Click here to load & edit your application to echallenge:

/pitch/echallenge/?f=first last


------------------------
SUBJECT:  Your application to echallenge
TO:       email
FROM:     echallenge
DATE:     2010-10-25 17:29:30.255000
BODY:   
Click here to load & edit your application to echallenge:

/pitch/echallenge/?f=first last


------------------------
SUBJECT:  Your application to echallenge
TO:       email
FROM:     echallenge
DATE:     2010-10-25 17:38:58.370000
BODY:   
Click here to load & edit your application to echallenge:

http://localhost:8000/pitch/echallenge/?f=first%20last


------------------------
SUBJECT:  Your application to echallenge
TO:       email
FROM:     echallenge
DATE:     2010-10-25 17:40:17.882000
BODY:   
Click here to load & edit your application to echallenge:

http://localhost:8000/pitch/echallenge/?f=lnBlRXVm1cwR


------------------------
SUBJECT:  Your application to echallenge
TO:       email
FROM:     echallenge
DATE:     2010-10-25 17:48:42.630000
BODY:   
Click here to load & edit your application to echallenge:

http://localhost:8000/pitch/apply/echallenge/?f=lnBlRXVm1cwR


------------------------
SUBJECT:  Your application to echallenge
TO:       email
FROM:     echallenge
DATE:     2010-10-25 17:49:35.281000
BODY:   
Click here to load & edit your application to echallenge:

http://localhost:8000/pitch/apply/echallenge/?f=lnBlRXVm1cwR


------------------------
SUBJECT:  Your application to echallenge
TO:       email
FROM:     echallenge
DATE:     2010-10-25 17:51:16.463000
BODY:   
Click here to load & edit your application to echallenge:

http://localhost:8000/pitch/apply/echallenge/?f=lnBlRXVm1cwR


